<testsuites id="" name="" tests="1" failures="0" skipped="0" errors="0" time="21.239030000000263">
<testsuite name="SureveyEngineer.test.ts" timestamp="2024-05-15T08:40:07.109Z" hostname="chrome" tests="1" failures="0" skipped="0" time="19.327" errors="0">
<testcase name="Surevey Engineer â€º SurveyEngineer_TaxInfo" classname="SureveyEngineer.test.ts" time="19.327">
<system-out>
<![CDATA[Tony Stark
Name Validation Successfull
https://www.experian.com/employer-services/?conf=17641750
Post Redirection URL Validated Successfully ==>> https://www.experian.com/employer-services/?conf=17641750

[[ATTACHMENT|..\test-results\SureveyEngineer-Surevey-Engineer-SurveyEngineer-TaxInfo-chrome\test-finished-1.png]]

[[ATTACHMENT|..\test-results\SureveyEngineer-Surevey-Engineer-SurveyEngineer-TaxInfo-chrome\trace.zip]]
]]>
</system-out>
</testcase>
</testsuite>
</testsuites>